<?xml version="1.0" encoding="UTF-8"?>
<testng-results skipped="0" failed="0" ignored="0" total="4" passed="4">
  <reporter-output>
  </reporter-output>
  <suite name="Default suite" duration-ms="94" started-at="2022-09-27T15:44:03 IST" finished-at="2022-09-27T15:44:04 IST">
    <groups>
    </groups>
    <test name="Default test" duration-ms="94" started-at="2022-09-27T15:44:03 IST" finished-at="2022-09-27T15:44:04 IST">
      <class name="com.testNG.InitialTest">
        <test-method status="PASS" signature="firstTestMethod()[pri:0, instance:com.testNG.InitialTest@48503868]" name="firstTestMethod" duration-ms="0" started-at="2022-09-27T15:44:03 IST" finished-at="2022-09-27T15:44:03 IST">
          <reporter-output>
          </reporter-output>
        </test-method> <!-- firstTestMethod -->
        <test-method status="PASS" signature="fourthTestMethod()[pri:0, instance:com.testNG.InitialTest@48503868]" name="fourthTestMethod" duration-ms="0" started-at="2022-09-27T15:44:03 IST" finished-at="2022-09-27T15:44:03 IST">
          <reporter-output>
          </reporter-output>
        </test-method> <!-- fourthTestMethod -->
        <test-method status="PASS" signature="thirdTestMethod()[pri:0, instance:com.testNG.InitialTest@48503868]" name="thirdTestMethod" duration-ms="0" started-at="2022-09-27T15:44:03 IST" finished-at="2022-09-27T15:44:03 IST">
          <reporter-output>
          </reporter-output>
        </test-method> <!-- thirdTestMethod -->
        <test-method status="PASS" signature="secondTestMethod()[pri:0, instance:com.testNG.InitialTest@48503868]" name="secondTestMethod" duration-ms="0" started-at="2022-09-27T15:44:03 IST" finished-at="2022-09-27T15:44:03 IST">
          <reporter-output>
          </reporter-output>
        </test-method> <!-- secondTestMethod -->
      </class> <!-- com.testNG.InitialTest -->
    </test> <!-- Default test -->
  </suite> <!-- Default suite -->
</testng-results>
