<?xml version="1.0" encoding="UTF-8"?>
<!-- Generated by org.testng.reporters.JUnitXMLReporter -->
<testsuite hostname="DESKTOP-HJ" ignored="0" name="Default test" tests="4" failures="0" timestamp="2022-09-27T15:44:04 IST" time="0.094" errors="0">
  <testcase name="firstTestMethod" time="0.0" classname="com.testNG.InitialTest"/>
  <testcase name="fourthTestMethod" time="0.0" classname="com.testNG.InitialTest"/>
  <testcase name="secondTestMethod" time="0.0" classname="com.testNG.InitialTest"/>
  <testcase name="thirdTestMethod" time="0.0" classname="com.testNG.InitialTest"/>
</testsuite> <!-- Default test -->
